<?xml version="1.0" encoding="UTF-8"?>
<!-- Generated by org.testng.reporters.JUnitReportReporter -->
<testsuite hostname="LAPTOP-CQO0GVPR" failures="0" tests="1" name="com.inetbanking.testCases.TC_CreateNewCustomer_002" time="13.994" errors="0" timestamp="2023-06-04T18:48:57 AEST" skipped="0">
  <testcase classname="com.inetbanking.testCases.TC_CreateNewCustomer_002" name="createNewCustomerTest" time="13.994"/>
  <system-out/>
</testsuite> <!-- com.inetbanking.testCases.TC_CreateNewCustomer_002 -->
